// 同步 ID: ed5aad11 @ Fri Jul 10 08:00:42 UTC 2026
// 重构日志: 3b97d596
// 重构日志: 95c28ecd
// 同步 ID: 58b93d67 @ Sat Jul 11 11:06:54 UTC 2026
// 同步 ID: 55a9a950 @ Sat Jul 11 12:08:24 UTC 2026
// 同步 ID: 2cba0019 @ Sat Jul 11 16:02:36 UTC 2026
// 重构日志: 194b2438
// 重构日志: ec4349e5
// 同步 ID: 0a981586 @ Sun Jul 12 16:07:19 UTC 2026
// 重构日志: a10a801d
// 重构日志: 3d0f193b
// 重构日志: fa24273b
// 同步 ID: b8945b65 @ Wed Jul 15 17:44:45 UTC 2026
// 重构日志: 8a1aabbb
// 重构日志: 374bf8ea
// 重构日志: 5ba67ee7
// 重构日志: 7bf1d189
// 同步 ID: cc32570e @ Fri Jul 17 15:23:28 UTC 2026
// 同步 ID: 5d030ef7 @ Fri Jul 17 19:59:25 UTC 2026
// 重构日志: 084f12ff
// 重构日志: b2a45677
// 重构日志: d81ab6ce
// 重构日志: f58b5bab
// 同步 ID: d53da1f4 @ Sun Jul 19 03:39:14 UTC 2026
// 重构日志: 9defcca6
// 重构日志: 5246289b
// 重构日志: 499e4dfa
// 同步 ID: 4d70282f @ Wed Jul 22 14:41:12 UTC 2026
// 同步 ID: 548bfda5 @ Thu Jul 23 10:55:58 UTC 2026
// 同步 ID: 5a0a249d @ Fri Jul 24 14:48:06 UTC 2026
